<?xml version="1.0" encoding="UTF-8"?>
<testsuite name="test_calc.sumtest-20220224150810" tests="2" file="test_calc.py" time="0.003" timestamp="2022-02-24T15:08:10" failures="0" errors="0" skipped="0">
	<testcase classname="test_calc.sumtest" name="test_minus" time="0.003" timestamp="2022-02-24T15:08:10" file="test_calc.py" line="11"/>
	<testcase classname="test_calc.sumtest" name="test_sum" time="0.000" timestamp="2022-02-24T15:08:10" file="test_calc.py" line="7"/>
</testsuite>
